<?xml version="1.0" encoding="UTF-8"?>
<testsuite name="br.com.codenation.BillingProcessorSubmitTest" tests="4" skipped="0" failures="0" errors="0" timestamp="2020-08-17T01:03:44" hostname="DESKTOP-L98OM8Q" time="0.296">
  <properties/>
  <testcase name="testCashPayment" classname="br.com.codenation.BillingProcessorSubmitTest" time="0.253"/>
  <testcase name="testTransferPayment" classname="br.com.codenation.BillingProcessorSubmitTest" time="0.013"/>
  <testcase name="testDebitCardPayment" classname="br.com.codenation.BillingProcessorSubmitTest" time="0.017"/>
  <testcase name="testCreditCardPayment" classname="br.com.codenation.BillingProcessorSubmitTest" time="0.012"/>
  <system-out><![CDATA[]]></system-out>
  <system-err><![CDATA[]]></system-err>
</testsuite>
